<?xml version="1.0" encoding="UTF-8"?>
<testsuite xmlns:xsi="http://www.w3.org/2001/XMLSchema-instance" xsi:noNamespaceSchemaLocation="https://maven.apache.org/surefire/maven-surefire-plugin/xsd/surefire-test-report-3.0.xsd" version="3.0" name="fliptest.RunCucumberTest" time="47.349" tests="8" errors="0" skipped="7" failures="0">
  <properties>
[...]
</properties>
  <testcase name="GET - /public/v2/todos - verify 20 items" classname="API Test" time="0">
    <skipped message="&apos;cucumber.filter.tags=@verify_calculation_exchange&apos; did not match this scenario"/>
  </testcase>
  <testcase name="GET - /public/v2/todos - verify 20 items" classname="API Test" time="0">
    <skipped message="&apos;cucumber.filter.tags=@verify_calculation_exchange&apos; did not match this scenario"/>
  </testcase>
  <testcase name="GET - /public/v2/todos - verify 20 items" classname="API Test" time="0">
    <skipped message="&apos;cucumber.filter.tags=@verify_calculation_exchange&apos; did not match this scenario"/>
  </testcase>
  <testcase name="GET - /public/v2/todos - verify 20 items" classname="API Test" time="0">
    <skipped message="&apos;cucumber.filter.tags=@verify_calculation_exchange&apos; did not match this scenario"/>
  </testcase>
  <testcase name="Example #1" classname="Examples" time="0">
    <skipped message="&apos;cucumber.filter.tags=@verify_calculation_exchange&apos; did not match this scenario"/>
  </testcase>
  <testcase name="Example #2" classname="Examples" time="0">
    <skipped message="&apos;cucumber.filter.tags=@verify_calculation_exchange&apos; did not match this scenario"/>
  </testcase>
  <testcase name="Verify Provider" classname="Web Test" time="0">
    <skipped message="&apos;cucumber.filter.tags=@verify_calculation_exchange&apos; did not match this scenario"/>
  </testcase>
  <testcase name="Verify Provider" classname="Web Test" time="47.18">
    <system-out><![CDATA[
@testweb @verify_calculation_exchange
Scenario: Verify Provider                           &amp#27;[90m# fliptest/webTest.feature:26&amp#27;[0m
  &amp#27;[32mGiven &amp#27;[0m&amp#27;[32muser visit Filp website&amp#27;[0m                     &amp#27;[90m# fliptest.WebStepDefinitions.userVisitFlipWebsite()&amp#27;[0m
  &amp#27;[32mWhen &amp#27;[0m&amp#27;[32muser visit Flip Globe&amp#27;[0m                        &amp#27;[90m# fliptest.WebStepDefinitions.user_visit_flip_globe()&amp#27;[0m
  &amp#27;[32mAnd &amp#27;[0m&amp#27;[32muser select negara tujuan as &amp#27;[0m&amp#27;[32m&amp#27;[1m"United Kingdom"&amp#27;[0m &amp#27;[90m# fliptest.WebStepDefinitions.user_select_negara_tujuan_as(java.lang.String)&amp#27;[0m
  &amp#27;[32mAnd &amp#27;[0m&amp#27;[32muser fill the nominal IDR &amp#27;[0m&amp#27;[32m&amp#27;[1m"100000"&amp#27;[0m            &amp#27;[90m# fliptest.WebStepDefinitions.user_fill_the_nominal_idr(java.lang.String)&amp#27;[0m
nominal is 100000.0
kurs is 17399.89
total is 5.75
value is 5.75
  &amp#27;[32mThen &amp#27;[0m&amp#27;[32muser verify the nominal GBP is correct&amp#27;[0m       &amp#27;[90m# fliptest.WebStepDefinitions.user_verify_the_nominal_gbp_is_correct()&amp#27;[0m
biaya is 65000
nominal to pay is 165000.0
total is 165000
  &amp#27;[32mAnd &amp#27;[0m&amp#27;[32muser verify the nominal to pay&amp#27;[0m                &amp#27;[90m# fliptest.WebStepDefinitions.user_verify_the_nominal_to_pay()&amp#27;[0m
]]></system-out>
    <system-err><![CDATA[Starting ChromeDriver 106.0.5249.61 (511755355844955cd3e264779baf0dd38212a4d0-refs/branch-heads/5249@{#569}) on port 33143
Only local connections are allowed.
Please see https://chromedriver.chromium.org/security-considerations for suggestions on keeping ChromeDriver safe.
ChromeDriver was started successfully.
Oct 04, 2022 4:16:31 PM org.openqa.selenium.remote.ProtocolHandshake createSession
INFO: Detected dialect: W3C
]]></system-err>
  </testcase>
</testsuite>